<?xml version="1.0" encoding="UTF-8"?>
<testsuite xmlns:xsi="http://www.w3.org/2001/XMLSchema-instance" xsi:noNamespaceSchemaLocation="https://maven.apache.org/surefire/maven-surefire-plugin/xsd/surefire-test-report.xsd" name="runner.Runner" time="89.868" tests="3" errors="0" skipped="0" failures="0">
  <properties>
[...]
</properties>
  <testcase name="CT001 - Conta - Criar conta com sucesso" classname="Conta" time="36.9"/>
  <testcase name="CT002 - Conta - Excluir conta com sucesso" classname="Conta" time="29.149"/>
  <testcase name="CT001 - Login - Efetuar login com sucesso" classname="Login" time="21.182"/>
</testsuite>